<?xml version="1.0" encoding="UTF-8"?>
<!-- Generated by org.testng.reporters.JUnitReportReporter -->
<testsuite hostname="lasurepc" failures="0" tests="1" name="Tests_User.savePlatformServiceList_Test" time="0.000" errors="0" timestamp="2024-10-26T02:22:45 AST" skipped="1">
  <testcase classname="Tests_User.savePlatformServiceList_Test" name="platformThirdPhase_fn" time="0.000">
    <skipped/>
  </testcase> <!-- platformThirdPhase_fn -->
  <system-out/>
</testsuite> <!-- Tests_User.savePlatformServiceList_Test -->
