<?xml version="1.0" encoding="UTF-8"?>
<!-- Generated by org.testng.reporters.JUnitReportReporter -->
<testsuite hostname="lasurepc" failures="0" tests="1" name="Internal_Test_User.Licenses_Accept_Test" time="0.000" errors="0" timestamp="2024-10-26T02:22:45 AST" skipped="1">
  <testcase classname="Internal_Test_User.Licenses_Accept_Test" name="Licenses_Acceptance" time="0.000">
    <skipped/>
  </testcase> <!-- Licenses_Acceptance -->
  <system-out/>
</testsuite> <!-- Internal_Test_User.Licenses_Accept_Test -->
